2025-01-26 18:50:04,109 INFO o.a.j.u.JMeterUtils: Setting Locale to en_EN
2025-01-26 18:50:04,141 INFO o.a.j.JMeter: Loading user properties from: C:\Users\me\Desktop\apache-jmeter-5.6.3\bin\user.properties
2025-01-26 18:50:04,142 INFO o.a.j.JMeter: Loading system properties from: C:\Users\me\Desktop\apache-jmeter-5.6.3\bin\system.properties
2025-01-26 18:50:04,155 INFO o.a.j.JMeter: Copyright (c) 1998-2024 The Apache Software Foundation
2025-01-26 18:50:04,155 INFO o.a.j.JMeter: Version 5.6.3
2025-01-26 18:50:04,155 INFO o.a.j.JMeter: java.version=18.0.2.1
2025-01-26 18:50:04,155 INFO o.a.j.JMeter: java.vm.name=Java HotSpot(TM) 64-Bit Server VM
2025-01-26 18:50:04,156 INFO o.a.j.JMeter: os.name=Windows 10
2025-01-26 18:50:04,156 INFO o.a.j.JMeter: os.arch=amd64
2025-01-26 18:50:04,156 INFO o.a.j.JMeter: os.version=10.0
2025-01-26 18:50:04,156 INFO o.a.j.JMeter: file.encoding=UTF-8
2025-01-26 18:50:04,156 INFO o.a.j.JMeter: java.awt.headless=null
2025-01-26 18:50:04,157 INFO o.a.j.JMeter: Max memory     =1073741824
2025-01-26 18:50:04,157 INFO o.a.j.JMeter: Available Processors =4
2025-01-26 18:50:04,170 INFO o.a.j.JMeter: Default Locale=English (EN)
2025-01-26 18:50:04,171 INFO o.a.j.JMeter: JMeter  Locale=English (EN)
2025-01-26 18:50:04,171 INFO o.a.j.JMeter: JMeterHome=C:\Users\me\Desktop\apache-jmeter-5.6.3
2025-01-26 18:50:04,171 INFO o.a.j.JMeter: user.dir  =A:\Studying\blazor-pack-testing\Blazor-Server-Testing-Jmeter\jmeter-example-script
2025-01-26 18:50:04,171 INFO o.a.j.JMeter: PWD       =A:\Studying\blazor-pack-testing\Blazor-Server-Testing-Jmeter\jmeter-example-script
2025-01-26 18:50:04,172 INFO o.a.j.JMeter: IP: 192.168.0.105 Name: DESKTOP-O6TDE83 FullName: DESKTOP-O6TDE83
2025-01-26 18:50:04,187 INFO o.a.j.JMeter: Loaded icon properties from org/apache/jmeter/images/icon.properties
2025-01-26 18:50:04,510 INFO o.a.j.JMeterGuiLauncher: Setting LAF to: com.github.weisj.darklaf.DarkLaf:com.github.weisj.darklaf.theme.DarculaTheme
2025-01-26 18:50:06,234 INFO o.a.j.r.ClassFinder: Will scan jar C:\Users\me\Desktop\apache-jmeter-5.6.3\lib\ext\JMeterWebSocketSamplers-1.2.10.jar with filter ExtendsClassFilter [parents=[interface org.apache.jmeter.gui.action.Command], inner=false, contains=null, notContains=null]. Consider exposing JMeter plugins via META-INF/services, and add JMeter-Skip-Class-Scanning=true manifest attribute so JMeter can skip classfile scanning
2025-01-26 18:50:06,344 INFO o.a.j.r.ClassFinder: Will scan jar C:\Users\me\Desktop\apache-jmeter-5.6.3\lib\ext\JMeterWebSocketSamplers-1.2.10.jar with filter ExtendsClassFilter [parents=[interface org.apache.jmeter.gui.plugin.MenuCreator], inner=false, contains=null, notContains=null]. Consider exposing JMeter plugins via META-INF/services, and add JMeter-Skip-Class-Scanning=true manifest attribute so JMeter can skip classfile scanning
2025-01-26 18:50:06,989 INFO o.a.j.JMeterGuiLauncher: Loading file: LocalLoadPages.jmx
2025-01-26 18:50:06,992 INFO o.a.j.s.FileServer: Default base='A:\Studying\blazor-pack-testing\Blazor-Server-Testing-Jmeter\jmeter-example-script'
2025-01-26 18:50:06,994 INFO o.a.j.s.FileServer: Set new base='A:\Studying\blazor-pack-testing\Blazor-Server-Testing-Jmeter\jmeter-example-script'
2025-01-26 18:50:07,636 INFO o.a.j.s.SaveService: Testplan (JMX) version: 2.2. Testlog (JTL) version: 2.2
2025-01-26 18:50:07,669 INFO o.a.j.s.SaveService: Using SaveService properties version 5.0
2025-01-26 18:50:07,674 INFO o.a.j.s.SaveService: Using SaveService properties file encoding UTF-8
2025-01-26 18:50:07,676 INFO o.a.j.s.SaveService: Loading file: LocalLoadPages.jmx
2025-01-26 18:50:07,724 INFO o.a.j.p.h.c.CookieManager: Settings: Delete null: true Check: true Allow variable: true Save: false Prefix: COOKIE_
2025-01-26 18:50:07,729 INFO o.a.j.p.h.c.CacheManager: Will only cache the following methods: [GET]
2025-01-26 18:50:07,740 INFO o.a.j.p.h.s.HTTPSamplerBase: Parser for text/html is org.apache.jmeter.protocol.http.parser.LagartoBasedHtmlParser
2025-01-26 18:50:07,740 INFO o.a.j.p.h.s.HTTPSamplerBase: Parser for application/xhtml+xml is org.apache.jmeter.protocol.http.parser.LagartoBasedHtmlParser
2025-01-26 18:50:07,741 INFO o.a.j.p.h.s.HTTPSamplerBase: Parser for application/xml is org.apache.jmeter.protocol.http.parser.LagartoBasedHtmlParser
2025-01-26 18:50:07,741 INFO o.a.j.p.h.s.HTTPSamplerBase: Parser for text/xml is org.apache.jmeter.protocol.http.parser.LagartoBasedHtmlParser
2025-01-26 18:50:07,741 INFO o.a.j.p.h.s.HTTPSamplerBase: Parser for text/vnd.wap.wml is org.apache.jmeter.protocol.http.parser.RegexpHTMLParser
2025-01-26 18:50:07,741 INFO o.a.j.p.h.s.HTTPSamplerBase: Parser for text/css is org.apache.jmeter.protocol.http.parser.CssParser
2025-01-26 18:50:07,843 INFO o.a.j.s.FileServer: Set new base='A:\Studying\blazor-pack-testing\Blazor-Server-Testing-Jmeter\jmeter-example-script'
2025-01-26 18:50:09,271 INFO o.a.j.s.SampleResult: Note: Sample TimeStamps are START times
2025-01-26 18:50:09,272 INFO o.a.j.s.SampleResult: sampleresult.default.encoding is set to UTF-8
2025-01-26 18:50:09,272 INFO o.a.j.s.SampleResult: sampleresult.useNanoTime=true
2025-01-26 18:50:09,272 INFO o.a.j.s.SampleResult: sampleresult.nanoThreadSleep=5000
2025-01-26 18:50:09,427 INFO o.a.j.r.ClassFinder: Will scan jar C:\Users\me\Desktop\apache-jmeter-5.6.3\lib\ext\JMeterWebSocketSamplers-1.2.10.jar with filter ExtendsClassFilter [parents=[interface org.apache.jmeter.visualizers.ResultRenderer], inner=false, contains=null, notContains=null]. Consider exposing JMeter plugins via META-INF/services, and add JMeter-Skip-Class-Scanning=true manifest attribute so JMeter can skip classfile scanning
2025-01-26 18:50:09,479 INFO o.a.j.r.ClassFinder: Will scan jar C:\Users\me\Desktop\apache-jmeter-5.6.3\lib\ext\JMeterWebSocketSamplers-1.2.10.jar with filter ExtendsClassFilter [parents=[interface org.apache.jmeter.visualizers.RequestView], inner=false, contains=null, notContains=null]. Consider exposing JMeter plugins via META-INF/services, and add JMeter-Skip-Class-Scanning=true manifest attribute so JMeter can skip classfile scanning
